<?xml version="1.0" encoding="UTF-8"?>
<!-- Generated by org.testng.reporters.JUnitReportReporter -->
<testsuite hostname="DESKTOP-MNK2190" failures="0" tests="3" name="com.crm.qa.testcases.HomePageTest" time="82.475" errors="0" timestamp="2021-08-10T15:38:48 IST" skipped="0">
  <testcase classname="com.crm.qa.testcases.HomePageTest" name="verifyHomePageTitleTest" time="29.906"/>
  <system-out/>
  <testcase classname="com.crm.qa.testcases.HomePageTest" name="verifyUsernameTest" time="27.959"/>
  <system-out/>
  <testcase classname="com.crm.qa.testcases.HomePageTest" name="verifyAdminLinkTest" time="24.610"/>
  <system-out/>
</testsuite> <!-- com.crm.qa.testcases.HomePageTest -->
