<?xml version="1.0" encoding="UTF-8"?>
<!-- Generated by org.testng.reporters.JUnitReportReporter -->
<testsuite hostname="DESKTOP-MNK2190" failures="0" tests="1" name="com.crm.qa.testcases.LeavePageTest" time="32.393" errors="0" timestamp="2021-08-10T15:38:48 IST" skipped="0">
  <testcase classname="com.crm.qa.testcases.LeavePageTest" name="leaveDataInputTest" time="32.393"/>
  <system-out/>
</testsuite> <!-- com.crm.qa.testcases.LeavePageTest -->
