<?xml version="1.0" encoding="UTF-8"?>
<!-- Generated by org.testng.reporters.JUnitReportReporter -->
<testsuite hostname="DESKTOP-MNK2190" failures="0" tests="2" name="com.crm.qa.testcases.LoginPageTest" time="17.995" errors="0" timestamp="2021-08-12T13:56:32 IST" skipped="0">
  <testcase classname="com.crm.qa.testcases.LoginPageTest" name="loginPageTitleTest" time="7.062"/>
  <system-out/>
  <testcase classname="com.crm.qa.testcases.LoginPageTest" name="loginTest" time="10.933"/>
  <system-out/>
</testsuite> <!-- com.crm.qa.testcases.LoginPageTest -->
