<?xml version="1.0" encoding="UTF-8"?>
<!-- Generated by org.testng.reporters.JUnitReportReporter -->
<testsuite hostname="DESKTOP-MNK2190" failures="0" tests="3" name="com.crm.qa.testcases.HomePageTest" time="38.532" errors="0" timestamp="2021-08-12T13:56:33 IST" skipped="0">
  <testcase classname="com.crm.qa.testcases.HomePageTest" name="verifyHomePageTitleTest" time="12.442"/>
  <system-out/>
  <testcase classname="com.crm.qa.testcases.HomePageTest" name="verifyUsernameTest" time="14.499"/>
  <system-out/>
  <testcase classname="com.crm.qa.testcases.HomePageTest" name="verifyAdminLinkTest" time="11.591"/>
  <system-out/>
</testsuite> <!-- com.crm.qa.testcases.HomePageTest -->
