<?xml version="1.0" encoding="UTF-8"?>
<!-- Generated by org.testng.reporters.JUnitReportReporter -->
<testsuite hostname="DESKTOP-MNK2190" failures="0" tests="2" name="com.crm.qa.testcases.DashboardPageTest" time="50.218" errors="0" timestamp="2021-08-10T15:38:48 IST" skipped="0">
  <testcase classname="com.crm.qa.testcases.DashboardPageTest" name="verifyMyTimesheetLebelTest" time="24.179"/>
  <system-out/>
  <testcase classname="com.crm.qa.testcases.DashboardPageTest" name="validatePendingLeaveRequestsLebelTest" time="26.039"/>
  <system-out/>
</testsuite> <!-- com.crm.qa.testcases.DashboardPageTest -->
