<?xml version="1.0" encoding="UTF-8"?>
<!-- Generated by org.testng.reporters.JUnitReportReporter -->
<testsuite hostname="DESKTOP-MNK2190" failures="0" tests="7" name="com.crm.qa.testcases.AdminPageTest" time="269.476" errors="0" timestamp="2021-08-10T15:38:48 IST" skipped="0">
  <testcase classname="com.crm.qa.testcases.AdminPageTest" name="verifyUserManagementLebelTest" time="33.447"/>
  <system-out/>
  <testcase classname="com.crm.qa.testcases.AdminPageTest" name="validateUsernameAndUserRoleTest" time="26.947"/>
  <system-out/>
  <testcase classname="com.crm.qa.testcases.AdminPageTest" name="validateLocationSearchTest" time="31.047"/>
  <system-out/>
  <testcase classname="com.crm.qa.testcases.AdminPageTest" name="validateLocationSearchTest" time="90.579"/>
  <system-out/>
  <testcase classname="com.crm.qa.testcases.AdminPageTest" name="validateLocationSearchTest" time="29.890"/>
  <system-out/>
  <testcase classname="com.crm.qa.testcases.AdminPageTest" name="validateLocationSearchTest" time="27.651"/>
  <system-out/>
  <testcase classname="com.crm.qa.testcases.AdminPageTest" name="validateLocationSearchTest" time="29.915"/>
  <system-out/>
</testsuite> <!-- com.crm.qa.testcases.AdminPageTest -->
