<?xml version="1.0" encoding="UTF-8"?>
<!-- Generated by org.testng.reporters.JUnitReportReporter -->
<testsuite hostname="DESKTOP-MNK2190" failures="0" tests="2" name="com.crm.qa.testcases.LoginPageTest" time="37.273" errors="0" timestamp="2021-08-10T15:38:48 IST" skipped="0">
  <testcase classname="com.crm.qa.testcases.LoginPageTest" name="loginPageTitleTest" time="14.043"/>
  <system-out/>
  <testcase classname="com.crm.qa.testcases.LoginPageTest" name="loginTest" time="23.230"/>
  <system-out/>
</testsuite> <!-- com.crm.qa.testcases.LoginPageTest -->
