<?xml version="1.0" encoding="UTF-8"?>
<!-- Generated by org.testng.reporters.JUnitReportReporter -->
<testsuite hostname="DESKTOP-MNK2190" failures="0" tests="7" name="com.crm.qa.testcases.AdminPageTest" time="138.561" errors="0" timestamp="2021-08-12T13:56:32 IST" skipped="0">
  <testcase classname="com.crm.qa.testcases.AdminPageTest" name="verifyUserManagementLebelTest" time="13.677"/>
  <system-out/>
  <testcase classname="com.crm.qa.testcases.AdminPageTest" name="validateUsernameAndUserRoleTest" time="19.045"/>
  <system-out/>
  <testcase classname="com.crm.qa.testcases.AdminPageTest" name="validateLocationSearchTest" time="21.191"/>
  <system-out/>
  <testcase classname="com.crm.qa.testcases.AdminPageTest" name="validateLocationSearchTest" time="19.813"/>
  <system-out/>
  <testcase classname="com.crm.qa.testcases.AdminPageTest" name="validateLocationSearchTest" time="20.918"/>
  <system-out/>
  <testcase classname="com.crm.qa.testcases.AdminPageTest" name="validateLocationSearchTest" time="21.700"/>
  <system-out/>
  <testcase classname="com.crm.qa.testcases.AdminPageTest" name="validateLocationSearchTest" time="22.217"/>
  <system-out/>
</testsuite> <!-- com.crm.qa.testcases.AdminPageTest -->
